21:34:26.649 INFO - Selenium build info: version: '3.3.1', revision: '5234b32'
21:34:26.649 INFO - Launching a standalone Selenium Server
2017-04-10 21:34:26.671:INFO::main: Logging initialized @303ms to org.seleniumhq.jetty9.util.log.StdErrLog
21:34:26.732 INFO - Driver class not found: com.opera.core.systems.OperaDriver
21:34:26.733 INFO - Driver provider com.opera.core.systems.OperaDriver registration is skipped:
Unable to create new instances on this machine.
21:34:26.733 INFO - Driver class not found: com.opera.core.systems.OperaDriver
21:34:26.733 INFO - Driver provider com.opera.core.systems.OperaDriver is not registered
21:34:26.741 INFO - Driver provider org.openqa.selenium.safari.SafariDriver registration is skipped:
 registration capabilities Capabilities [{browserName=safari, version=, platform=MAC}] does not match the current platform WIN10
2017-04-10 21:34:26.809:INFO:osjs.Server:main: jetty-9.2.20.v20161216
2017-04-10 21:34:26.851:INFO:osjsh.ContextHandler:main: Started o.s.j.s.ServletContextHandler@39c0f4a{/,null,AVAILABLE}
2017-04-10 21:34:26.927:INFO:osjs.AbstractConnector:main: Started ServerConnector@10bdf5e5{HTTP/1.1,[http/1.1]}{0.0.0.0:4444}
2017-04-10 21:34:26.928:INFO:osjs.Server:main: Started @559ms
21:34:26.928 INFO - Selenium Server is up and running
21:34:27.711 INFO - SessionCleaner initialized with insideBrowserTimeout 0 and clientGoneTimeout 1800000 polling every 180000
21:34:27.742 INFO - Executing: [new session: Capabilities [{acceptSslCerts=true, name=Sidekick, browserName=firefox, javascriptEnabled=true, platform=ANY}]])
21:34:27.742 INFO - Executing: [new session: Capabilities [{acceptSslCerts=true, name=Sidekick, browserName=chrome, javascriptEnabled=true, platform=ANY}]])
21:34:27.752 INFO - Creating a new session for Capabilities [{acceptSslCerts=true, name=Sidekick, browserName=chrome, javascriptEnabled=true, platform=ANY}]
21:34:27.752 INFO - Creating a new session for Capabilities [{acceptSslCerts=true, name=Sidekick, browserName=firefox, javascriptEnabled=true, platform=ANY}]
Starting ChromeDriver 2.29.461591 (62ebf098771772160f391d75e589dc567915b233) on port 45214
Only local connections are allowed.
1491849268691	geckodriver	INFO	Listening on 127.0.0.1:13097
1491849269201	mozprofile::profile	INFO	Using profile path C:\Users\sarma\AppData\Local\Temp\rust_mozprofile.H2HW8YTegeMP
1491849269233	geckodriver::marionette	INFO	Starting browser C:\Program Files (x86)\Mozilla Firefox\firefox.exe with args []
1491849269419	geckodriver::marionette	INFO	Connecting to Marionette on localhost:64473
21:34:30.865 INFO - Detected dialect: OSS
21:34:30.889 INFO - Done: [new session: Capabilities [{acceptSslCerts=true, name=Sidekick, browserName=chrome, javascriptEnabled=true, platform=ANY}]]
21:34:30.910 INFO - Executing: [get: http://sidekickc.com/])
21:34:34.201 INFO - Done: [get: http://sidekickc.com/]
21:34:34.214 INFO - Executing: [find elements: By.cssSelector: body])
21:34:34.278 INFO - Done: [find elements: By.cssSelector: body]
21:34:34.293 INFO - Executing: [is displayed: 0 [[ChromeDriver: chrome on XP (2eb2f19bdcc273154d372613361f74fc)] -> css selector: body]])
21:34:34.341 INFO - Done: [is displayed: 0 [[ChromeDriver: chrome on XP (2eb2f19bdcc273154d372613361f74fc)] -> css selector: body]]
21:34:34.350 INFO - Executing: [find element: By.cssSelector: #menu-item-243])
21:34:34.383 INFO - Done: [find element: By.cssSelector: #menu-item-243]
21:34:34.388 INFO - Executing: [is displayed: 1 [[ChromeDriver: chrome on XP (2eb2f19bdcc273154d372613361f74fc)] -> css selector: #menu-item-243]])
21:34:34.417 INFO - Done: [is displayed: 1 [[ChromeDriver: chrome on XP (2eb2f19bdcc273154d372613361f74fc)] -> css selector: #menu-item-243]]
21:34:34.425 INFO - Executing: [find element: By.cssSelector: #menu-item-243])
21:34:34.438 INFO - Done: [find element: By.cssSelector: #menu-item-243]
21:34:34.443 INFO - Executing: [click: 1 [[ChromeDriver: chrome on XP (2eb2f19bdcc273154d372613361f74fc)] -> css selector: #menu-item-243]])
21:34:35.144 WARN - Exception thrown
org.openqa.selenium.WebDriverException: unknown error: Element <li id="menu-item-243" class="menu-item menu-item-main-menu menu-item-prices">...</li> is not clickable at point (342, 143). Other element would receive the click: <header id="header" class="contain-to-grid">...</header>
  (Session info: chrome=57.0.2987.133)
  (Driver info: chromedriver=2.29.461591 (62ebf098771772160f391d75e589dc567915b233),platform=Windows NT 10.0.15063 x86_64) (WARNING: The server did not provide any stacktrace information)
Command duration or timeout: 81 milliseconds
Build info: version: '3.3.1', revision: '5234b32', time: '2017-03-10 09:04:52 -0800'
System info: host: 'DESKTOP-1AUA415', ip: '192.168.0.55', os.name: 'Windows 10', os.arch: 'amd64', os.version: '10.0', java.version: '1.8.0_121'
Driver info: org.openqa.selenium.chrome.ChromeDriver
Capabilities [{applicationCacheEnabled=false, rotatable=false, mobileEmulationEnabled=false, networkConnectionEnabled=false, chrome={chromedriverVersion=2.29.461591 (62ebf098771772160f391d75e589dc567915b233), userDataDir=C:\Users\sarma\AppData\Local\Temp\scoped_dir4108_18956}, takesHeapSnapshot=true, pageLoadStrategy=normal, databaseEnabled=false, handlesAlerts=true, hasTouchScreen=false, version=57.0.2987.133, platform=XP, browserConnectionEnabled=false, nativeEvents=true, acceptSslCerts=true, locationContextEnabled=true, webStorageEnabled=true, browserName=chrome, takesScreenshot=true, javascriptEnabled=true, cssSelectorsEnabled=true, unexpectedAlertBehaviour=}]
Session ID: 2eb2f19bdcc273154d372613361f74fc
	at sun.reflect.NativeConstructorAccessorImpl.newInstance0(Native Method)
	at sun.reflect.NativeConstructorAccessorImpl.newInstance(Unknown Source)
	at sun.reflect.DelegatingConstructorAccessorImpl.newInstance(Unknown Source)
	at java.lang.reflect.Constructor.newInstance(Unknown Source)
	at org.openqa.selenium.remote.ErrorHandler.createThrowable(ErrorHandler.java:216)
	at org.openqa.selenium.remote.ErrorHandler.throwIfResponseFailed(ErrorHandler.java:168)
	at org.openqa.selenium.remote.RemoteWebDriver.execute(RemoteWebDriver.java:638)
	at org.openqa.selenium.remote.RemoteWebElement.execute(RemoteWebElement.java:274)
	at org.openqa.selenium.remote.RemoteWebElement.click(RemoteWebElement.java:84)
	at sun.reflect.NativeMethodAccessorImpl.invoke0(Native Method)
	at sun.reflect.NativeMethodAccessorImpl.invoke(Unknown Source)
	at sun.reflect.DelegatingMethodAccessorImpl.invoke(Unknown Source)
	at java.lang.reflect.Method.invoke(Unknown Source)
	at org.openqa.selenium.support.events.EventFiringWebDriver$EventFiringWebElement$1.invoke(EventFiringWebDriver.java:332)
	at com.sun.proxy.$Proxy5.click(Unknown Source)
	at org.openqa.selenium.support.events.EventFiringWebDriver$EventFiringWebElement.click(EventFiringWebDriver.java:345)
	at sun.reflect.NativeMethodAccessorImpl.invoke0(Native Method)
	at sun.reflect.NativeMethodAccessorImpl.invoke(Unknown Source)
	at sun.reflect.DelegatingMethodAccessorImpl.invoke(Unknown Source)
	at java.lang.reflect.Method.invoke(Unknown Source)
	at org.openqa.selenium.remote.server.KnownElements$1.invoke(KnownElements.java:64)
	at com.sun.proxy.$Proxy6.click(Unknown Source)
	at org.openqa.selenium.remote.server.handler.ClickElement.call(ClickElement.java:30)
	at org.openqa.selenium.remote.server.handler.ClickElement.call(ClickElement.java:22)
	at java.util.concurrent.FutureTask.run(Unknown Source)
	at org.openqa.selenium.remote.server.DefaultSession$1.run(DefaultSession.java:176)
	at java.util.concurrent.ThreadPoolExecutor.runWorker(Unknown Source)
	at java.util.concurrent.ThreadPoolExecutor$Worker.run(Unknown Source)
	at java.lang.Thread.run(Unknown Source)
21:34:35.151 WARN - Exception: unknown error: Element <li id="menu-item-243" class="menu-item menu-item-main-menu menu-item-prices">...</li> is not clickable at point (342, 143). Other element would receive the click: <header id="header" class="contain-to-grid">...</header>
  (Session info: chrome=57.0.2987.133)
  (Driver info: chromedriver=2.29.461591 (62ebf098771772160f391d75e589dc567915b233),platform=Windows NT 10.0.15063 x86_64) (WARNING: The server did not provide any stacktrace information)
Command duration or timeout: 81 milliseconds
Build info: version: '3.3.1', revision: '5234b32', time: '2017-03-10 09:04:52 -0800'
System info: host: 'DESKTOP-1AUA415', ip: '192.168.0.55', os.name: 'Windows 10', os.arch: 'amd64', os.version: '10.0', java.version: '1.8.0_121'
Driver info: org.openqa.selenium.chrome.ChromeDriver
Capabilities [{applicationCacheEnabled=false, rotatable=false, mobileEmulationEnabled=false, networkConnectionEnabled=false, chrome={chromedriverVersion=2.29.461591 (62ebf098771772160f391d75e589dc567915b233), userDataDir=C:\Users\sarma\AppData\Local\Temp\scoped_dir4108_18956}, takesHeapSnapshot=true, pageLoadStrategy=normal, databaseEnabled=false, handlesAlerts=true, hasTouchScreen=false, version=57.0.2987.133, platform=XP, browserConnectionEnabled=false, nativeEvents=true, acceptSslCerts=true, locationContextEnabled=true, webStorageEnabled=true, browserName=chrome, takesScreenshot=true, javascriptEnabled=true, cssSelectorsEnabled=true, unexpectedAlertBehaviour=}]
Session ID: 2eb2f19bdcc273154d372613361f74fc
21:34:35.288 INFO - Executing: [find elements: By.cssSelector: .round])
1491849275313	Marionette	INFO	Listening on port 64473
21:34:35.323 INFO - Done: [find elements: By.cssSelector: .round]
21:34:35.331 INFO - Executing: [is displayed: 2 [[ChromeDriver: chrome on XP (2eb2f19bdcc273154d372613361f74fc)] -> css selector: .round]])
21:34:35.355 INFO - Done: [is displayed: 2 [[ChromeDriver: chrome on XP (2eb2f19bdcc273154d372613361f74fc)] -> css selector: .round]]
21:34:35.360 INFO - Executing: [find element: By.cssSelector: .round])
21:34:35.389 INFO - Done: [find element: By.cssSelector: .round]
21:34:35.393 INFO - Executing: [is displayed: 2 [[ChromeDriver: chrome on XP (2eb2f19bdcc273154d372613361f74fc)] -> css selector: .round]])
21:34:35.402 INFO - Done: [is displayed: 2 [[ChromeDriver: chrome on XP (2eb2f19bdcc273154d372613361f74fc)] -> css selector: .round]]
21:34:35.407 INFO - Executing: [find element: By.cssSelector: .round])
21:34:35.420 INFO - Done: [find element: By.cssSelector: .round]
21:34:35.424 INFO - Executing: [click: 2 [[ChromeDriver: chrome on XP (2eb2f19bdcc273154d372613361f74fc)] -> css selector: .round]])
21:34:37.516 INFO - Done: [click: 2 [[ChromeDriver: chrome on XP (2eb2f19bdcc273154d372613361f74fc)] -> css selector: .round]]
21:34:37.521 INFO - Executing: [find elements: By.cssSelector: #gform_submit_button_1])
21:34:37.546 INFO - Done: [find elements: By.cssSelector: #gform_submit_button_1]
21:34:37.552 INFO - Executing: [is displayed: 4 [[ChromeDriver: chrome on XP (2eb2f19bdcc273154d372613361f74fc)] -> css selector: #gform_submit_button_1]])
21:34:37.574 INFO - Done: [is displayed: 4 [[ChromeDriver: chrome on XP (2eb2f19bdcc273154d372613361f74fc)] -> css selector: #gform_submit_button_1]]
21:34:37.580 INFO - Executing: [find element: By.cssSelector: #gform_submit_button_1])
21:34:37.602 INFO - Done: [find element: By.cssSelector: #gform_submit_button_1]
21:34:37.606 INFO - Executing: [is displayed: 4 [[ChromeDriver: chrome on XP (2eb2f19bdcc273154d372613361f74fc)] -> css selector: #gform_submit_button_1]])
21:34:37.616 INFO - Done: [is displayed: 4 [[ChromeDriver: chrome on XP (2eb2f19bdcc273154d372613361f74fc)] -> css selector: #gform_submit_button_1]]
21:34:37.620 INFO - Executing: [find element: By.cssSelector: #gform_submit_button_1])
21:34:37.631 INFO - Done: [find element: By.cssSelector: #gform_submit_button_1]
21:34:37.635 INFO - Executing: [click: 4 [[ChromeDriver: chrome on XP (2eb2f19bdcc273154d372613361f74fc)] -> css selector: #gform_submit_button_1]])
21:34:38.893 INFO - Done: [click: 4 [[ChromeDriver: chrome on XP (2eb2f19bdcc273154d372613361f74fc)] -> css selector: #gform_submit_button_1]]
21:34:38.900 INFO - Executing: [find elements: By.cssSelector: .validation_error])
21:34:38.926 INFO - Done: [find elements: By.cssSelector: .validation_error]
21:34:38.933 INFO - Executing: [is displayed: 5 [[ChromeDriver: chrome on XP (2eb2f19bdcc273154d372613361f74fc)] -> css selector: .validation_error]])
21:34:38.966 INFO - Done: [is displayed: 5 [[ChromeDriver: chrome on XP (2eb2f19bdcc273154d372613361f74fc)] -> css selector: .validation_error]]
21:34:38.973 INFO - Executing: [find element: By.cssSelector: .validation_error])
21:34:39.003 INFO - Done: [find element: By.cssSelector: .validation_error]
21:34:39.010 INFO - Executing: [is displayed: 5 [[ChromeDriver: chrome on XP (2eb2f19bdcc273154d372613361f74fc)] -> css selector: .validation_error]])
21:34:39.024 INFO - Done: [is displayed: 5 [[ChromeDriver: chrome on XP (2eb2f19bdcc273154d372613361f74fc)] -> css selector: .validation_error]]
21:34:39.028 INFO - Executing: [delete session: 4ecf4e4e-0ac4-474a-9986-01984ae99acf])
21:34:39.608 INFO - Detected dialect: W3C
21:34:39.628 INFO - Done: [new session: Capabilities [{acceptSslCerts=true, name=Sidekick, browserName=firefox, javascriptEnabled=true, platform=ANY}]]
21:34:39.657 INFO - Executing: [get: http://sidekickc.com/])
21:34:40.201 INFO - Done: [delete session: 4ecf4e4e-0ac4-474a-9986-01984ae99acf]
21:34:41.481 INFO - Done: [get: http://sidekickc.com/]
21:34:41.491 INFO - Executing: [find elements: By.cssSelector: body])
21:34:41.506 INFO - Done: [find elements: By.cssSelector: body]
21:34:41.512 INFO - Executing: [is displayed: 0 [[FirefoxDriver: firefox on ANY (460240a5-ad82-410b-abc1-e1cce590c749)] -> css selector: body]])
21:34:41.564 INFO - Done: [is displayed: 0 [[FirefoxDriver: firefox on ANY (460240a5-ad82-410b-abc1-e1cce590c749)] -> css selector: body]]
21:34:41.573 INFO - Executing: [find element: By.cssSelector: #menu-item-243])
21:34:41.600 INFO - Done: [find element: By.cssSelector: #menu-item-243]
21:34:41.603 INFO - Executing: [is displayed: 1 [[FirefoxDriver: firefox on ANY (460240a5-ad82-410b-abc1-e1cce590c749)] -> css selector: #menu-item-243]])
21:34:41.635 INFO - Done: [is displayed: 1 [[FirefoxDriver: firefox on ANY (460240a5-ad82-410b-abc1-e1cce590c749)] -> css selector: #menu-item-243]]
21:34:41.639 INFO - Executing: [find element: By.cssSelector: #menu-item-243])
21:34:41.647 INFO - Done: [find element: By.cssSelector: #menu-item-243]
21:34:41.653 INFO - Executing: [click: 1 [[FirefoxDriver: firefox on ANY (460240a5-ad82-410b-abc1-e1cce590c749)] -> css selector: #menu-item-243]])
21:34:41.696 INFO - Done: [click: 1 [[FirefoxDriver: firefox on ANY (460240a5-ad82-410b-abc1-e1cce590c749)] -> css selector: #menu-item-243]]
21:34:41.707 INFO - Executing: [find elements: By.cssSelector: .round])
21:34:41.717 INFO - Done: [find elements: By.cssSelector: .round]
21:34:41.720 INFO - Executing: [is displayed: 2 [[FirefoxDriver: firefox on ANY (460240a5-ad82-410b-abc1-e1cce590c749)] -> css selector: .round]])
21:34:41.755 INFO - Done: [is displayed: 2 [[FirefoxDriver: firefox on ANY (460240a5-ad82-410b-abc1-e1cce590c749)] -> css selector: .round]]
21:34:41.759 INFO - Executing: [find element: By.cssSelector: .round])
21:34:41.769 INFO - Done: [find element: By.cssSelector: .round]
21:34:41.774 INFO - Executing: [is displayed: 2 [[FirefoxDriver: firefox on ANY (460240a5-ad82-410b-abc1-e1cce590c749)] -> css selector: .round]])
21:34:41.803 INFO - Done: [is displayed: 2 [[FirefoxDriver: firefox on ANY (460240a5-ad82-410b-abc1-e1cce590c749)] -> css selector: .round]]
21:34:41.808 INFO - Executing: [find element: By.cssSelector: .round])
21:34:41.818 INFO - Done: [find element: By.cssSelector: .round]
21:34:41.823 INFO - Executing: [click: 2 [[FirefoxDriver: firefox on ANY (460240a5-ad82-410b-abc1-e1cce590c749)] -> css selector: .round]])
21:34:41.850 INFO - Done: [click: 2 [[FirefoxDriver: firefox on ANY (460240a5-ad82-410b-abc1-e1cce590c749)] -> css selector: .round]]
21:34:41.856 INFO - Executing: [find elements: By.cssSelector: #gform_submit_button_1])
21:34:41.864 INFO - Done: [find elements: By.cssSelector: #gform_submit_button_1]
21:34:42.370 INFO - Executing: [find elements: By.cssSelector: #gform_submit_button_1])
21:34:42.379 INFO - Done: [find elements: By.cssSelector: #gform_submit_button_1]
21:34:42.385 INFO - Executing: [is displayed: 4 [[FirefoxDriver: firefox on ANY (460240a5-ad82-410b-abc1-e1cce590c749)] -> css selector: #gform_submit_button_1]])
21:34:42.446 INFO - Done: [is displayed: 4 [[FirefoxDriver: firefox on ANY (460240a5-ad82-410b-abc1-e1cce590c749)] -> css selector: #gform_submit_button_1]]
21:34:42.451 INFO - Executing: [find element: By.cssSelector: #gform_submit_button_1])
21:34:42.457 INFO - Done: [find element: By.cssSelector: #gform_submit_button_1]
21:34:42.462 INFO - Executing: [is displayed: 4 [[FirefoxDriver: firefox on ANY (460240a5-ad82-410b-abc1-e1cce590c749)] -> css selector: #gform_submit_button_1]])
21:34:42.496 INFO - Done: [is displayed: 4 [[FirefoxDriver: firefox on ANY (460240a5-ad82-410b-abc1-e1cce590c749)] -> css selector: #gform_submit_button_1]]
21:34:42.503 INFO - Executing: [find element: By.cssSelector: #gform_submit_button_1])
21:34:42.525 INFO - Done: [find element: By.cssSelector: #gform_submit_button_1]
21:34:42.532 INFO - Executing: [click: 4 [[FirefoxDriver: firefox on ANY (460240a5-ad82-410b-abc1-e1cce590c749)] -> css selector: #gform_submit_button_1]])
21:34:42.683 INFO - Done: [click: 4 [[FirefoxDriver: firefox on ANY (460240a5-ad82-410b-abc1-e1cce590c749)] -> css selector: #gform_submit_button_1]]
21:34:42.690 INFO - Executing: [find elements: By.cssSelector: .validation_error])
21:34:42.738 INFO - Done: [find elements: By.cssSelector: .validation_error]
21:34:43.243 INFO - Executing: [find elements: By.cssSelector: .validation_error])
21:34:43.318 INFO - Done: [find elements: By.cssSelector: .validation_error]
21:34:43.322 INFO - Executing: [is displayed: 5 [[FirefoxDriver: firefox on ANY (460240a5-ad82-410b-abc1-e1cce590c749)] -> css selector: .validation_error]])
21:34:43.388 INFO - Done: [is displayed: 5 [[FirefoxDriver: firefox on ANY (460240a5-ad82-410b-abc1-e1cce590c749)] -> css selector: .validation_error]]
21:34:43.396 INFO - Executing: [find element: By.cssSelector: .validation_error])
21:34:43.440 INFO - Done: [find element: By.cssSelector: .validation_error]
21:34:43.445 INFO - Executing: [is displayed: 5 [[FirefoxDriver: firefox on ANY (460240a5-ad82-410b-abc1-e1cce590c749)] -> css selector: .validation_error]])
21:34:43.520 INFO - Done: [is displayed: 5 [[FirefoxDriver: firefox on ANY (460240a5-ad82-410b-abc1-e1cce590c749)] -> css selector: .validation_error]]
21:34:43.526 INFO - Executing: [delete session: ca9d5851-2cc0-467a-b829-98fcde445c0c])
1491849283529	Marionette	INFO	New connections will no longer be accepted
[Child 196] ###!!! ABORT: Aborting on channel error.: file c:/builds/moz2_slave/m-rel-w32-00000000000000000000/build/src/ipc/glue/MessageChannel.cpp, line 2143
21:34:44.044 INFO - Done: [delete session: ca9d5851-2cc0-467a-b829-98fcde445c0c]
